==========================================
SLURM_CLUSTER_NAME = param-brahma
SLURM_ARRAY_JOB_ID = 
SLURM_ARRAY_TASK_ID = 
SLURM_ARRAY_TASK_COUNT = 
SLURM_ARRAY_TASK_MAX = 
SLURM_ARRAY_TASK_MIN = 
SLURM_JOB_ACCOUNT = collins
SLURM_JOB_ID = 181916
SLURM_JOB_NAME = tensorflow
SLURM_JOB_NODELIST = cn[064-068]
SLURM_JOB_USER = collins
SLURM_JOB_UID = 7009
SLURM_JOB_PARTITION = standard
SLURM_TASK_PID = 31372
SLURM_SUBMIT_DIR = /home/collins/locusta-balancei/simulator
SLURM_CPUS_ON_NODE = 1
SLURM_NTASKS = 
SLURM_TASK_PID = 31372
==========================================
srun: Job step aborted: Waiting up to 32 seconds for job step to finish.
srun: Job step aborted: Waiting up to 32 seconds for job step to finish.
srun: Job step aborted: Waiting up to 32 seconds for job step to finish.
srun: Job step aborted: Waiting up to 32 seconds for job step to finish.
srun: Job step aborted: Waiting up to 32 seconds for job step to finish.
srun: Job step aborted: Waiting up to 32 seconds for job step to finish.
slurmstepd: error: *** STEP 181916.1 ON cn066 CANCELLED AT 2020-09-20T22:57:31 ***
slurmstepd: error: *** STEP 181916.0 ON cn065 CANCELLED AT 2020-09-20T22:57:31 ***
slurmstepd: error: *** STEP 181916.3 ON cn068 CANCELLED AT 2020-09-20T22:57:31 ***
slurmstepd: error: *** STEP 181916.2 ON cn067 CANCELLED AT 2020-09-20T22:57:31 ***
slurmstepd: error: *** STEP 181916.4 ON cn064 CANCELLED AT 2020-09-20T22:57:31 ***
slurmstepd: error: *** JOB 181916 ON cn064 CANCELLED AT 2020-09-20T22:57:31 ***
