==========================================
SLURM_CLUSTER_NAME = param-brahma
SLURM_ARRAY_JOB_ID = 
SLURM_ARRAY_TASK_ID = 
SLURM_ARRAY_TASK_COUNT = 
SLURM_ARRAY_TASK_MAX = 
SLURM_ARRAY_TASK_MIN = 
SLURM_JOB_ACCOUNT = collins
SLURM_JOB_ID = 146612
SLURM_JOB_NAME = alloc_slurm1.sh
SLURM_JOB_NODELIST = cn025
SLURM_JOB_USER = collins
SLURM_JOB_UID = 7009
SLURM_JOB_PARTITION = standard
SLURM_TASK_PID = 25506
SLURM_SUBMIT_DIR = /home/collins/locusta-balancei/simulator
SLURM_CPUS_ON_NODE = 1
SLURM_NTASKS = 
SLURM_TASK_PID = 25506
==========================================
srun: Job step aborted: Waiting up to 32 seconds for job step to finish.
srun: Job step aborted: Waiting up to 32 seconds for job step to finish.
srun: Job step aborted: Waiting up to 32 seconds for job step to finish.
srun: Job step aborted: Waiting up to 32 seconds for job step to finish.
srun: Job step aborted: Waiting up to 32 seconds for job step to finish.
slurmstepd: error: *** STEP 146612.1 ON cn025 CANCELLED AT 2020-08-27T23:45:12 ***
slurmstepd: error: *** STEP 146612.0 ON cn025 CANCELLED AT 2020-08-27T23:45:12 ***
slurmstepd: error: *** STEP 146612.2 ON cn025 CANCELLED AT 2020-08-27T23:45:12 ***
slurmstepd: error: *** STEP 146612.3 ON cn025 CANCELLED AT 2020-08-27T23:45:12 ***
slurmstepd: error: *** STEP 146612.4 ON cn025 CANCELLED AT 2020-08-27T23:45:12 ***
slurmstepd: error: *** JOB 146612 ON cn025 CANCELLED AT 2020-08-27T23:45:13 ***
