0: WARNING:tensorflow:From /home/collins/.local/lib/python3.7/site-packages/tensorflow_core/python/compat/v2_compat.py:88: disable_resource_variables (from tensorflow.python.ops.variable_scope) is deprecated and will be removed in a future version.
0: Instructions for updating:
0: non-resource variables are not supported in the long term
0: WARNING:tensorflow:From /home/collins/.local/lib/python3.7/site-packages/tensorflow_core/python/compat/v2_compat.py:88: disable_resource_variables (from tensorflow.python.ops.variable_scope) is deprecated and will be removed in a future version.
0: Instructions for updating:
0: non-resource variables are not supported in the long term
0: WARNING:tensorflow:From /home/collins/locusta-balancei/simulator/antennalLobe.py:250: to_int32 (from tensorflow.python.ops.math_ops) is deprecated and will be removed in a future version.
0: Instructions for updating:
0: Use `tf.cast` instead.
0: WARNING:tensorflow:From /home/collins/locusta-balancei/simulator/antennalLobe.py:250: to_int32 (from tensorflow.python.ops.math_ops) is deprecated and will be removed in a future version.
0: Instructions for updating:
0: Use `tf.cast` instead.
0: 2020-08-26 22:21:28.585397: I tensorflow/core/platform/cpu_feature_guard.cc:142] Your CPU supports instructions that this TensorFlow binary was not compiled to use: AVX2 AVX512F FMA
0: 2020-08-26 22:21:28.591090: I tensorflow/core/platform/profile_utils/cpu_utils.cc:94] CPU Frequency: 2900000000 Hz
0: 2020-08-26 22:21:28.592373: I tensorflow/compiler/xla/service/service.cc:168] XLA service 0x5563e3990bd0 initialized for platform Host (this does not guarantee that XLA will be used). Devices:
0: 2020-08-26 22:21:28.592428: I tensorflow/compiler/xla/service/service.cc:176]   StreamExecutor device (0): Host, Default Version
0: 2020-08-26 22:21:29.287247: I tensorflow/core/platform/cpu_feature_guard.cc:142] Your CPU supports instructions that this TensorFlow binary was not compiled to use: AVX2 AVX512F FMA
0: 2020-08-26 22:21:29.293257: I tensorflow/core/platform/profile_utils/cpu_utils.cc:94] CPU Frequency: 2900000000 Hz
0: 2020-08-26 22:21:29.294581: I tensorflow/compiler/xla/service/service.cc:168] XLA service 0x5635670bfd10 initialized for platform Host (this does not guarantee that XLA will be used). Devices:
0: 2020-08-26 22:21:29.294674: I tensorflow/compiler/xla/service/service.cc:176]   StreamExecutor device (0): Host, Default Version
0: WARNING:tensorflow:From /home/collins/.local/lib/python3.7/site-packages/tensorflow_core/python/compat/v2_compat.py:88: disable_resource_variables (from tensorflow.python.ops.variable_scope) is deprecated and will be removed in a future version.
0: Instructions for updating:
0: non-resource variables are not supported in the long term
0: WARNING:tensorflow:From /home/collins/locusta-balancei/simulator/antennalLobe.py:250: to_int32 (from tensorflow.python.ops.math_ops) is deprecated and will be removed in a future version.
0: Instructions for updating:
0: Use `tf.cast` instead.
0: 2020-08-26 22:33:21.649896: I tensorflow/core/platform/cpu_feature_guard.cc:142] Your CPU supports instructions that this TensorFlow binary was not compiled to use: AVX2 AVX512F FMA
0: 2020-08-26 22:33:21.655581: I tensorflow/core/platform/profile_utils/cpu_utils.cc:94] CPU Frequency: 2900000000 Hz
0: 2020-08-26 22:33:21.656867: I tensorflow/compiler/xla/service/service.cc:168] XLA service 0x563387709e10 initialized for platform Host (this does not guarantee that XLA will be used). Devices:
0: 2020-08-26 22:33:21.656921: I tensorflow/compiler/xla/service/service.cc:176]   StreamExecutor device (0): Host, Default Version
0: WARNING:tensorflow:From /home/collins/.local/lib/python3.7/site-packages/tensorflow_core/python/compat/v2_compat.py:88: disable_resource_variables (from tensorflow.python.ops.variable_scope) is deprecated and will be removed in a future version.
0: Instructions for updating:
0: non-resource variables are not supported in the long term
0: WARNING:tensorflow:From /home/collins/locusta-balancei/simulator/antennalLobe.py:250: to_int32 (from tensorflow.python.ops.math_ops) is deprecated and will be removed in a future version.
0: Instructions for updating:
0: Use `tf.cast` instead.
0: 2020-08-26 22:33:52.344226: I tensorflow/core/platform/cpu_feature_guard.cc:142] Your CPU supports instructions that this TensorFlow binary was not compiled to use: AVX2 AVX512F FMA
0: 2020-08-26 22:33:52.350306: I tensorflow/core/platform/profile_utils/cpu_utils.cc:94] CPU Frequency: 2900000000 Hz
0: 2020-08-26 22:33:52.351629: I tensorflow/compiler/xla/service/service.cc:168] XLA service 0x55738ceb2f30 initialized for platform Host (this does not guarantee that XLA will be used). Devices:
0: 2020-08-26 22:33:52.351725: I tensorflow/compiler/xla/service/service.cc:176]   StreamExecutor device (0): Host, Default Version
0: WARNING:tensorflow:From /home/collins/.local/lib/python3.7/site-packages/tensorflow_core/python/compat/v2_compat.py:88: disable_resource_variables (from tensorflow.python.ops.variable_scope) is deprecated and will be removed in a future version.
0: Instructions for updating:
0: non-resource variables are not supported in the long term
0: WARNING:tensorflow:From /home/collins/locusta-balancei/simulator/antennalLobe.py:250: to_int32 (from tensorflow.python.ops.math_ops) is deprecated and will be removed in a future version.
0: Instructions for updating:
0: Use `tf.cast` instead.
0: 2020-08-26 22:45:26.415814: I tensorflow/core/platform/cpu_feature_guard.cc:142] Your CPU supports instructions that this TensorFlow binary was not compiled to use: AVX2 AVX512F FMA
0: 2020-08-26 22:45:26.421464: I tensorflow/core/platform/profile_utils/cpu_utils.cc:94] CPU Frequency: 2900000000 Hz
0: 2020-08-26 22:45:26.422729: I tensorflow/compiler/xla/service/service.cc:168] XLA service 0x5631b029bc00 initialized for platform Host (this does not guarantee that XLA will be used). Devices:
0: 2020-08-26 22:45:26.422774: I tensorflow/compiler/xla/service/service.cc:176]   StreamExecutor device (0): Host, Default Version
0: WARNING:tensorflow:From /home/collins/.local/lib/python3.7/site-packages/tensorflow_core/python/compat/v2_compat.py:88: disable_resource_variables (from tensorflow.python.ops.variable_scope) is deprecated and will be removed in a future version.
0: Instructions for updating:
0: non-resource variables are not supported in the long term
0: WARNING:tensorflow:From /home/collins/locusta-balancei/simulator/antennalLobe.py:250: to_int32 (from tensorflow.python.ops.math_ops) is deprecated and will be removed in a future version.
0: Instructions for updating:
0: Use `tf.cast` instead.
0: 2020-08-26 22:46:32.081488: I tensorflow/core/platform/cpu_feature_guard.cc:142] Your CPU supports instructions that this TensorFlow binary was not compiled to use: AVX2 AVX512F FMA
0: 2020-08-26 22:46:32.087116: I tensorflow/core/platform/profile_utils/cpu_utils.cc:94] CPU Frequency: 2900000000 Hz
0: 2020-08-26 22:46:32.088442: I tensorflow/compiler/xla/service/service.cc:168] XLA service 0x555d75a00000 initialized for platform Host (this does not guarantee that XLA will be used). Devices:
0: 2020-08-26 22:46:32.088528: I tensorflow/compiler/xla/service/service.cc:176]   StreamExecutor device (0): Host, Default Version
0: WARNING:tensorflow:From /home/collins/.local/lib/python3.7/site-packages/tensorflow_core/python/compat/v2_compat.py:88: disable_resource_variables (from tensorflow.python.ops.variable_scope) is deprecated and will be removed in a future version.
0: Instructions for updating:
0: non-resource variables are not supported in the long term
0: WARNING:tensorflow:From /home/collins/locusta-balancei/simulator/antennalLobe.py:250: to_int32 (from tensorflow.python.ops.math_ops) is deprecated and will be removed in a future version.
0: Instructions for updating:
0: Use `tf.cast` instead.
0: 2020-08-26 22:57:38.917374: I tensorflow/core/platform/cpu_feature_guard.cc:142] Your CPU supports instructions that this TensorFlow binary was not compiled to use: AVX2 AVX512F FMA
0: 2020-08-26 22:57:38.922661: I tensorflow/core/platform/profile_utils/cpu_utils.cc:94] CPU Frequency: 2900000000 Hz
0: 2020-08-26 22:57:38.924315: I tensorflow/compiler/xla/service/service.cc:168] XLA service 0x560c95e1a930 initialized for platform Host (this does not guarantee that XLA will be used). Devices:
0: 2020-08-26 22:57:38.924363: I tensorflow/compiler/xla/service/service.cc:176]   StreamExecutor device (0): Host, Default Version
0: WARNING:tensorflow:From /home/collins/.local/lib/python3.7/site-packages/tensorflow_core/python/compat/v2_compat.py:88: disable_resource_variables (from tensorflow.python.ops.variable_scope) is deprecated and will be removed in a future version.
0: Instructions for updating:
0: non-resource variables are not supported in the long term
0: WARNING:tensorflow:From /home/collins/locusta-balancei/simulator/antennalLobe.py:250: to_int32 (from tensorflow.python.ops.math_ops) is deprecated and will be removed in a future version.
0: Instructions for updating:
0: Use `tf.cast` instead.
0: 2020-08-26 22:59:16.505892: I tensorflow/core/platform/cpu_feature_guard.cc:142] Your CPU supports instructions that this TensorFlow binary was not compiled to use: AVX2 AVX512F FMA
0: 2020-08-26 22:59:16.511958: I tensorflow/core/platform/profile_utils/cpu_utils.cc:94] CPU Frequency: 2900000000 Hz
0: 2020-08-26 22:59:16.513281: I tensorflow/compiler/xla/service/service.cc:168] XLA service 0x55fc10651770 initialized for platform Host (this does not guarantee that XLA will be used). Devices:
0: 2020-08-26 22:59:16.513373: I tensorflow/compiler/xla/service/service.cc:176]   StreamExecutor device (0): Host, Default Version
0: WARNING:tensorflow:From /home/collins/.local/lib/python3.7/site-packages/tensorflow_core/python/compat/v2_compat.py:88: disable_resource_variables (from tensorflow.python.ops.variable_scope) is deprecated and will be removed in a future version.
0: Instructions for updating:
0: non-resource variables are not supported in the long term
0: WARNING:tensorflow:From /home/collins/locusta-balancei/simulator/antennalLobe.py:250: to_int32 (from tensorflow.python.ops.math_ops) is deprecated and will be removed in a future version.
0: Instructions for updating:
0: Use `tf.cast` instead.
0: 2020-08-26 23:09:55.024742: I tensorflow/core/platform/cpu_feature_guard.cc:142] Your CPU supports instructions that this TensorFlow binary was not compiled to use: AVX2 AVX512F FMA
0: 2020-08-26 23:09:55.031693: I tensorflow/core/platform/profile_utils/cpu_utils.cc:94] CPU Frequency: 2900000000 Hz
0: 2020-08-26 23:09:55.032928: I tensorflow/compiler/xla/service/service.cc:168] XLA service 0x56538d59e8c0 initialized for platform Host (this does not guarantee that XLA will be used). Devices:
0: 2020-08-26 23:09:55.032974: I tensorflow/compiler/xla/service/service.cc:176]   StreamExecutor device (0): Host, Default Version
0: WARNING:tensorflow:From /home/collins/.local/lib/python3.7/site-packages/tensorflow_core/python/compat/v2_compat.py:88: disable_resource_variables (from tensorflow.python.ops.variable_scope) is deprecated and will be removed in a future version.
0: Instructions for updating:
0: non-resource variables are not supported in the long term
0: WARNING:tensorflow:From /home/collins/locusta-balancei/simulator/antennalLobe.py:250: to_int32 (from tensorflow.python.ops.math_ops) is deprecated and will be removed in a future version.
0: Instructions for updating:
0: Use `tf.cast` instead.
0: 2020-08-26 23:11:51.734731: I tensorflow/core/platform/cpu_feature_guard.cc:142] Your CPU supports instructions that this TensorFlow binary was not compiled to use: AVX2 AVX512F FMA
0: 2020-08-26 23:11:51.741191: I tensorflow/core/platform/profile_utils/cpu_utils.cc:94] CPU Frequency: 2900000000 Hz
0: 2020-08-26 23:11:51.742144: I tensorflow/compiler/xla/service/service.cc:168] XLA service 0x563d6a47adc0 initialized for platform Host (this does not guarantee that XLA will be used). Devices:
0: 2020-08-26 23:11:51.742236: I tensorflow/compiler/xla/service/service.cc:176]   StreamExecutor device (0): Host, Default Version
0: WARNING:tensorflow:From /home/collins/.local/lib/python3.7/site-packages/tensorflow_core/python/compat/v2_compat.py:88: disable_resource_variables (from tensorflow.python.ops.variable_scope) is deprecated and will be removed in a future version.
0: Instructions for updating:
0: non-resource variables are not supported in the long term
0: WARNING:tensorflow:From /home/collins/locusta-balancei/simulator/antennalLobe.py:250: to_int32 (from tensorflow.python.ops.math_ops) is deprecated and will be removed in a future version.
0: Instructions for updating:
0: Use `tf.cast` instead.
0: 2020-08-26 23:22:14.334393: I tensorflow/core/platform/cpu_feature_guard.cc:142] Your CPU supports instructions that this TensorFlow binary was not compiled to use: AVX2 AVX512F FMA
0: 2020-08-26 23:22:14.340060: I tensorflow/core/platform/profile_utils/cpu_utils.cc:94] CPU Frequency: 2900000000 Hz
0: 2020-08-26 23:22:14.341296: I tensorflow/compiler/xla/service/service.cc:168] XLA service 0x55a556cdb6e0 initialized for platform Host (this does not guarantee that XLA will be used). Devices:
0: 2020-08-26 23:22:14.341341: I tensorflow/compiler/xla/service/service.cc:176]   StreamExecutor device (0): Host, Default Version
0: WARNING:tensorflow:From /home/collins/.local/lib/python3.7/site-packages/tensorflow_core/python/compat/v2_compat.py:88: disable_resource_variables (from tensorflow.python.ops.variable_scope) is deprecated and will be removed in a future version.
0: Instructions for updating:
0: non-resource variables are not supported in the long term
0: WARNING:tensorflow:From /home/collins/locusta-balancei/simulator/antennalLobe.py:250: to_int32 (from tensorflow.python.ops.math_ops) is deprecated and will be removed in a future version.
0: Instructions for updating:
0: Use `tf.cast` instead.
0: 2020-08-26 23:24:22.028848: I tensorflow/core/platform/cpu_feature_guard.cc:142] Your CPU supports instructions that this TensorFlow binary was not compiled to use: AVX2 AVX512F FMA
0: 2020-08-26 23:24:22.034930: I tensorflow/core/platform/profile_utils/cpu_utils.cc:94] CPU Frequency: 2900000000 Hz
0: 2020-08-26 23:24:22.036244: I tensorflow/compiler/xla/service/service.cc:168] XLA service 0x560599174b80 initialized for platform Host (this does not guarantee that XLA will be used). Devices:
0: 2020-08-26 23:24:22.036334: I tensorflow/compiler/xla/service/service.cc:176]   StreamExecutor device (0): Host, Default Version
