0: WARNING:tensorflow:From /home/collins/.local/lib/python3.7/site-packages/tensorflow_core/python/compat/v2_compat.py:88: disable_resource_variables (from tensorflow.python.ops.variable_scope) is deprecated and will be removed in a future version.
0: Instructions for updating:
0: non-resource variables are not supported in the long term
0: WARNING:tensorflow:From /home/collins/.local/lib/python3.7/site-packages/tensorflow_core/python/compat/v2_compat.py:88: disable_resource_variables (from tensorflow.python.ops.variable_scope) is deprecated and will be removed in a future version.
0: Instructions for updating:
0: non-resource variables are not supported in the long term
0: WARNING:tensorflow:From /home/collins/locusta-balancei/simulator/antennalLobe.py:250: to_int32 (from tensorflow.python.ops.math_ops) is deprecated and will be removed in a future version.
0: Instructions for updating:
0: Use `tf.cast` instead.
0: WARNING:tensorflow:From /home/collins/locusta-balancei/simulator/antennalLobe.py:250: to_int32 (from tensorflow.python.ops.math_ops) is deprecated and will be removed in a future version.
0: Instructions for updating:
0: Use `tf.cast` instead.
0: 2020-08-27 16:27:57.566902: I tensorflow/core/platform/cpu_feature_guard.cc:142] Your CPU supports instructions that this TensorFlow binary was not compiled to use: AVX2 AVX512F FMA
0: 2020-08-27 16:27:57.572960: I tensorflow/core/platform/profile_utils/cpu_utils.cc:94] CPU Frequency: 2900000000 Hz
0: 2020-08-27 16:27:57.573880: I tensorflow/compiler/xla/service/service.cc:168] XLA service 0x560501f273f0 initialized for platform Host (this does not guarantee that XLA will be used). Devices:
0: 2020-08-27 16:27:57.573962: I tensorflow/compiler/xla/service/service.cc:176]   StreamExecutor device (0): Host, Default Version
0: 2020-08-27 16:27:57.753829: I tensorflow/core/platform/cpu_feature_guard.cc:142] Your CPU supports instructions that this TensorFlow binary was not compiled to use: AVX2 AVX512F FMA
0: 2020-08-27 16:27:57.760858: I tensorflow/core/platform/profile_utils/cpu_utils.cc:94] CPU Frequency: 2900000000 Hz
0: 2020-08-27 16:27:57.762528: I tensorflow/compiler/xla/service/service.cc:168] XLA service 0x562d650b85f0 initialized for platform Host (this does not guarantee that XLA will be used). Devices:
0: 2020-08-27 16:27:57.762543: I tensorflow/compiler/xla/service/service.cc:176]   StreamExecutor device (0): Host, Default Version
0: WARNING:tensorflow:From /home/collins/.local/lib/python3.7/site-packages/tensorflow_core/python/compat/v2_compat.py:88: disable_resource_variables (from tensorflow.python.ops.variable_scope) is deprecated and will be removed in a future version.
0: Instructions for updating:
0: non-resource variables are not supported in the long term
0: WARNING:tensorflow:From /home/collins/.local/lib/python3.7/site-packages/tensorflow_core/python/compat/v2_compat.py:88: disable_resource_variables (from tensorflow.python.ops.variable_scope) is deprecated and will be removed in a future version.
0: Instructions for updating:
0: non-resource variables are not supported in the long term
0: WARNING:tensorflow:From /home/collins/locusta-balancei/simulator/antennalLobe.py:250: to_int32 (from tensorflow.python.ops.math_ops) is deprecated and will be removed in a future version.
0: Instructions for updating:
0: Use `tf.cast` instead.
0: WARNING:tensorflow:From /home/collins/locusta-balancei/simulator/antennalLobe.py:250: to_int32 (from tensorflow.python.ops.math_ops) is deprecated and will be removed in a future version.
0: Instructions for updating:
0: Use `tf.cast` instead.
0: 2020-08-27 16:40:05.160075: I tensorflow/core/platform/cpu_feature_guard.cc:142] Your CPU supports instructions that this TensorFlow binary was not compiled to use: AVX2 AVX512F FMA
0: 2020-08-27 16:40:05.165478: I tensorflow/core/platform/profile_utils/cpu_utils.cc:94] CPU Frequency: 2900000000 Hz
0: 2020-08-27 16:40:05.166766: I tensorflow/compiler/xla/service/service.cc:168] XLA service 0x5617d009d880 initialized for platform Host (this does not guarantee that XLA will be used). Devices:
0: 2020-08-27 16:40:05.166863: I tensorflow/compiler/xla/service/service.cc:176]   StreamExecutor device (0): Host, Default Version
0: 2020-08-27 16:40:07.509416: I tensorflow/core/platform/cpu_feature_guard.cc:142] Your CPU supports instructions that this TensorFlow binary was not compiled to use: AVX2 AVX512F FMA
0: 2020-08-27 16:40:07.516420: I tensorflow/core/platform/profile_utils/cpu_utils.cc:94] CPU Frequency: 2900000000 Hz
0: 2020-08-27 16:40:07.517310: I tensorflow/compiler/xla/service/service.cc:168] XLA service 0x55ecbdbf7540 initialized for platform Host (this does not guarantee that XLA will be used). Devices:
0: 2020-08-27 16:40:07.517322: I tensorflow/compiler/xla/service/service.cc:176]   StreamExecutor device (0): Host, Default Version
0: WARNING:tensorflow:From /home/collins/.local/lib/python3.7/site-packages/tensorflow_core/python/compat/v2_compat.py:88: disable_resource_variables (from tensorflow.python.ops.variable_scope) is deprecated and will be removed in a future version.
0: Instructions for updating:
0: non-resource variables are not supported in the long term
0: WARNING:tensorflow:From /home/collins/locusta-balancei/simulator/antennalLobe.py:250: to_int32 (from tensorflow.python.ops.math_ops) is deprecated and will be removed in a future version.
0: Instructions for updating:
0: Use `tf.cast` instead.
0: WARNING:tensorflow:From /home/collins/.local/lib/python3.7/site-packages/tensorflow_core/python/compat/v2_compat.py:88: disable_resource_variables (from tensorflow.python.ops.variable_scope) is deprecated and will be removed in a future version.
0: Instructions for updating:
0: non-resource variables are not supported in the long term
0: WARNING:tensorflow:From /home/collins/locusta-balancei/simulator/antennalLobe.py:250: to_int32 (from tensorflow.python.ops.math_ops) is deprecated and will be removed in a future version.
0: Instructions for updating:
0: Use `tf.cast` instead.
0: 2020-08-27 16:52:36.066998: I tensorflow/core/platform/cpu_feature_guard.cc:142] Your CPU supports instructions that this TensorFlow binary was not compiled to use: AVX2 AVX512F FMA
0: 2020-08-27 16:52:36.072116: I tensorflow/core/platform/profile_utils/cpu_utils.cc:94] CPU Frequency: 2900000000 Hz
0: 2020-08-27 16:52:36.073393: I tensorflow/compiler/xla/service/service.cc:168] XLA service 0x55d0d1f666a0 initialized for platform Host (this does not guarantee that XLA will be used). Devices:
0: 2020-08-27 16:52:36.073445: I tensorflow/compiler/xla/service/service.cc:176]   StreamExecutor device (0): Host, Default Version
0: 2020-08-27 16:52:40.679526: I tensorflow/core/platform/cpu_feature_guard.cc:142] Your CPU supports instructions that this TensorFlow binary was not compiled to use: AVX2 AVX512F FMA
0: 2020-08-27 16:52:40.701737: I tensorflow/core/platform/profile_utils/cpu_utils.cc:94] CPU Frequency: 2900000000 Hz
0: 2020-08-27 16:52:40.702830: I tensorflow/compiler/xla/service/service.cc:168] XLA service 0x55aae1676890 initialized for platform Host (this does not guarantee that XLA will be used). Devices:
0: 2020-08-27 16:52:40.702845: I tensorflow/compiler/xla/service/service.cc:176]   StreamExecutor device (0): Host, Default Version
0: WARNING:tensorflow:From /home/collins/.local/lib/python3.7/site-packages/tensorflow_core/python/compat/v2_compat.py:88: disable_resource_variables (from tensorflow.python.ops.variable_scope) is deprecated and will be removed in a future version.
0: Instructions for updating:
0: non-resource variables are not supported in the long term
0: WARNING:tensorflow:From /home/collins/locusta-balancei/simulator/antennalLobe.py:250: to_int32 (from tensorflow.python.ops.math_ops) is deprecated and will be removed in a future version.
0: Instructions for updating:
0: Use `tf.cast` instead.
0: 2020-08-27 17:05:00.101846: I tensorflow/core/platform/cpu_feature_guard.cc:142] Your CPU supports instructions that this TensorFlow binary was not compiled to use: AVX2 AVX512F FMA
0: 2020-08-27 17:05:00.106980: I tensorflow/core/platform/profile_utils/cpu_utils.cc:94] CPU Frequency: 2900000000 Hz
0: 2020-08-27 17:05:00.108262: I tensorflow/compiler/xla/service/service.cc:168] XLA service 0x55885e6a0180 initialized for platform Host (this does not guarantee that XLA will be used). Devices:
0: 2020-08-27 17:05:00.108303: I tensorflow/compiler/xla/service/service.cc:176]   StreamExecutor device (0): Host, Default Version
0: WARNING:tensorflow:From /home/collins/.local/lib/python3.7/site-packages/tensorflow_core/python/compat/v2_compat.py:88: disable_resource_variables (from tensorflow.python.ops.variable_scope) is deprecated and will be removed in a future version.
0: Instructions for updating:
0: non-resource variables are not supported in the long term
0: WARNING:tensorflow:From /home/collins/locusta-balancei/simulator/antennalLobe.py:250: to_int32 (from tensorflow.python.ops.math_ops) is deprecated and will be removed in a future version.
0: Instructions for updating:
0: Use `tf.cast` instead.
0: 2020-08-27 17:05:18.847005: I tensorflow/core/platform/cpu_feature_guard.cc:142] Your CPU supports instructions that this TensorFlow binary was not compiled to use: AVX2 AVX512F FMA
0: 2020-08-27 17:05:18.853037: I tensorflow/core/platform/profile_utils/cpu_utils.cc:94] CPU Frequency: 2900000000 Hz
0: 2020-08-27 17:05:18.854318: I tensorflow/compiler/xla/service/service.cc:168] XLA service 0x5580b1ad8880 initialized for platform Host (this does not guarantee that XLA will be used). Devices:
0: 2020-08-27 17:05:18.854402: I tensorflow/compiler/xla/service/service.cc:176]   StreamExecutor device (0): Host, Default Version
0: WARNING:tensorflow:From /home/collins/.local/lib/python3.7/site-packages/tensorflow_core/python/compat/v2_compat.py:88: disable_resource_variables (from tensorflow.python.ops.variable_scope) is deprecated and will be removed in a future version.
0: Instructions for updating:
0: non-resource variables are not supported in the long term
0: WARNING:tensorflow:From /home/collins/locusta-balancei/simulator/antennalLobe.py:250: to_int32 (from tensorflow.python.ops.math_ops) is deprecated and will be removed in a future version.
0: Instructions for updating:
0: Use `tf.cast` instead.
0: 2020-08-27 17:21:09.201966: I tensorflow/core/platform/cpu_feature_guard.cc:142] Your CPU supports instructions that this TensorFlow binary was not compiled to use: AVX2 AVX512F FMA
0: 2020-08-27 17:21:09.209156: I tensorflow/core/platform/profile_utils/cpu_utils.cc:94] CPU Frequency: 2900000000 Hz
0: 2020-08-27 17:21:09.210153: I tensorflow/compiler/xla/service/service.cc:168] XLA service 0x5632df12f060 initialized for platform Host (this does not guarantee that XLA will be used). Devices:
0: 2020-08-27 17:21:09.210202: I tensorflow/compiler/xla/service/service.cc:176]   StreamExecutor device (0): Host, Default Version
0: WARNING:tensorflow:From /home/collins/.local/lib/python3.7/site-packages/tensorflow_core/python/compat/v2_compat.py:88: disable_resource_variables (from tensorflow.python.ops.variable_scope) is deprecated and will be removed in a future version.
0: Instructions for updating:
0: non-resource variables are not supported in the long term
0: WARNING:tensorflow:From /home/collins/locusta-balancei/simulator/antennalLobe.py:250: to_int32 (from tensorflow.python.ops.math_ops) is deprecated and will be removed in a future version.
0: Instructions for updating:
0: Use `tf.cast` instead.
0: 2020-08-27 17:22:02.191621: I tensorflow/core/platform/cpu_feature_guard.cc:142] Your CPU supports instructions that this TensorFlow binary was not compiled to use: AVX2 AVX512F FMA
0: 2020-08-27 17:22:02.198501: I tensorflow/core/platform/profile_utils/cpu_utils.cc:94] CPU Frequency: 2900000000 Hz
0: 2020-08-27 17:22:02.200043: I tensorflow/compiler/xla/service/service.cc:168] XLA service 0x55e02e2f0930 initialized for platform Host (this does not guarantee that XLA will be used). Devices:
0: 2020-08-27 17:22:02.200135: I tensorflow/compiler/xla/service/service.cc:176]   StreamExecutor device (0): Host, Default Version
0: WARNING:tensorflow:From /home/collins/.local/lib/python3.7/site-packages/tensorflow_core/python/compat/v2_compat.py:88: disable_resource_variables (from tensorflow.python.ops.variable_scope) is deprecated and will be removed in a future version.
0: Instructions for updating:
0: non-resource variables are not supported in the long term
0: WARNING:tensorflow:From /home/collins/locusta-balancei/simulator/antennalLobe.py:250: to_int32 (from tensorflow.python.ops.math_ops) is deprecated and will be removed in a future version.
0: Instructions for updating:
0: Use `tf.cast` instead.
0: 2020-08-27 17:36:53.011388: I tensorflow/core/platform/cpu_feature_guard.cc:142] Your CPU supports instructions that this TensorFlow binary was not compiled to use: AVX2 AVX512F FMA
0: 2020-08-27 17:36:53.018021: I tensorflow/core/platform/profile_utils/cpu_utils.cc:94] CPU Frequency: 2900000000 Hz
0: 2020-08-27 17:36:53.019968: I tensorflow/compiler/xla/service/service.cc:168] XLA service 0x56467ebd9480 initialized for platform Host (this does not guarantee that XLA will be used). Devices:
0: 2020-08-27 17:36:53.020022: I tensorflow/compiler/xla/service/service.cc:176]   StreamExecutor device (0): Host, Default Version
0: WARNING:tensorflow:From /home/collins/.local/lib/python3.7/site-packages/tensorflow_core/python/compat/v2_compat.py:88: disable_resource_variables (from tensorflow.python.ops.variable_scope) is deprecated and will be removed in a future version.
0: Instructions for updating:
0: non-resource variables are not supported in the long term
0: WARNING:tensorflow:From /home/collins/locusta-balancei/simulator/antennalLobe.py:250: to_int32 (from tensorflow.python.ops.math_ops) is deprecated and will be removed in a future version.
0: Instructions for updating:
0: Use `tf.cast` instead.
0: 2020-08-27 17:40:02.164994: I tensorflow/core/platform/cpu_feature_guard.cc:142] Your CPU supports instructions that this TensorFlow binary was not compiled to use: AVX2 AVX512F FMA
0: 2020-08-27 17:40:02.855997: I tensorflow/core/platform/profile_utils/cpu_utils.cc:94] CPU Frequency: 2900000000 Hz
0: 2020-08-27 17:40:02.888021: I tensorflow/compiler/xla/service/service.cc:168] XLA service 0x5577890f1300 initialized for platform Host (this does not guarantee that XLA will be used). Devices:
0: 2020-08-27 17:40:02.888071: I tensorflow/compiler/xla/service/service.cc:176]   StreamExecutor device (0): Host, Default Version
